
> @famgia/omnify-gui@1.0.27 build /Users/f.satoshi/Herd/omnify-ts/packages/omnify-core-gui
> pnpm typecheck && pnpm build:client && pnpm build:server


> @famgia/omnify-gui@1.0.27 typecheck /Users/f.satoshi/Herd/omnify-ts/packages/omnify-core-gui
> tsc --noEmit


> @famgia/omnify-gui@1.0.27 build:client /Users/f.satoshi/Herd/omnify-ts/packages/omnify-core-gui
> vite build

vite v6.4.1 building for production...
transforming...
✓ 3173 modules transformed.
rendering chunks...
computing gzip size...
../../dist/client/index.html                              0.79 kB │ gzip:   0.38 kB
../../dist/client/assets/index-DPyE-TyO.css               0.79 kB │ gzip:   0.42 kB
../../dist/client/assets/vendor-i18n-fCMqBMNi.js         49.34 kB │ gzip:  16.20 kB │ map:   164.59 kB
../../dist/client/assets/vendor-react-GrtO722N.js       100.39 kB │ gzip:  33.95 kB │ map:   579.78 kB
../../dist/client/assets/index-C2Z5gRc8.js              400.94 kB │ gzip: 122.92 kB │ map: 1,688.98 kB
../../dist/client/assets/vendor-codemirror-BmwCnRVq.js  416.01 kB │ gzip: 136.27 kB │ map: 1,864.28 kB
../../dist/client/assets/vendor-antd-BBx18Sww.js        966.39 kB │ gzip: 301.73 kB │ map: 4,315.20 kB
✓ built in 4.99s

> @famgia/omnify-gui@1.0.27 build:server /Users/f.satoshi/Herd/omnify-ts/packages/omnify-core-gui
> tsup

CLI Building entry: src/server/index.ts
CLI Using tsconfig: tsconfig.json
CLI tsup v8.5.1
CLI Using tsup config: /Users/f.satoshi/Herd/omnify-ts/packages/omnify-core-gui/tsup.config.ts
CLI Target: node18
CLI Cleaning output folder
ESM Build start
ESM dist/server/index.js     52.20 KB
ESM dist/server/index.js.map 113.53 KB
ESM ⚡️ Build success in 23ms
DTS Build start
DTS ⚡️ Build success in 1054ms
DTS dist/server/index.d.ts 13.00 B
